This file contains any messages produced by compilers while
running configure, to aid debugging if configure makes a mistake.

It was created by RISC-V ISA Simulator configure ?, which was
generated by GNU Autoconf 2.69.  Invocation command line was

  $ ./configure --prefix=/opt/riscv

## --------- ##
## Platform. ##
## --------- ##

hostname = DESKTOP-00L846V
uname -m = x86_64
uname -r = 5.10.60.1-microsoft-standard-WSL2
uname -s = Linux
uname -v = #1 SMP Wed Aug 25 23:20:18 UTC 2021

/usr/bin/uname -p = x86_64
/bin/uname -X     = unknown

/bin/arch              = x86_64
/usr/bin/arch -k       = unknown
/usr/convex/getsysinfo = unknown
/usr/bin/hostinfo      = unknown
/bin/machine           = unknown
/usr/bin/oslevel       = unknown
/bin/universe          = unknown

PATH: /opt/riscv/bin
PATH: /usr/local/sbin
PATH: /usr/local/bin
PATH: /usr/sbin
PATH: /usr/bin
PATH: /sbin
PATH: /bin
PATH: /usr/games
PATH: /usr/local/games
PATH: /usr/lib/wsl/lib
PATH: /mnt/c/Program Files/Common Files/Oracle/Java/javapath
PATH: /mnt/c/Windows/system32
PATH: /mnt/c/Windows
PATH: /mnt/c/Windows/System32/Wbem
PATH: /mnt/c/Windows/System32/WindowsPowerShell/v1.0/
PATH: /mnt/c/Windows/System32/OpenSSH/
PATH: /mnt/c/Program Files/Intel/WiFi/bin/
PATH: /mnt/c/Program Files/Common Files/Intel/WirelessCommon/
PATH: /mnt/c/Program Files/dotnet/
PATH: /mnt/c/Program Files/Microsoft/Web Platform Installer/
PATH: /mnt/c/Program Files (x86)/Microsoft ASP.NET/ASP.NET Web Pages/v1.0/
PATH: /mnt/c/Program Files/Microsoft SQL Server/110/Tools/Binn/
PATH: /mnt/c/WINDOWS/system32
PATH: /mnt/c/WINDOWS
PATH: /mnt/c/WINDOWS/System32/Wbem
PATH: /mnt/c/WINDOWS/System32/WindowsPowerShell/v1.0/
PATH: /mnt/c/WINDOWS/System32/OpenSSH/
PATH: /mnt/c/Program Files/Java/jdk1.8.0_191/bin
PATH: /mnt/c/Users/dell/AppData/Local/Programs/Python/Python39-32/Scripts
PATH: /mnt/c/Users/dell/AppData/Roaming/Python/Python39/Scripts
PATH: /mnt/c/Program Files/mingw64/bin
PATH: /mnt/c/texlive/2020/bin/win32
PATH: /mnt/c/WINDOWS/system32
PATH: /mnt/c/WINDOWS
PATH: /mnt/c/WINDOWS/System32/Wbem
PATH: /mnt/c/WINDOWS/System32/WindowsPowerShell/v1.0/
PATH: /mnt/c/WINDOWS/System32/OpenSSH/
PATH: /mnt/c/ctags/ctags-p5.9.20210314.0-x64
PATH: /mnt/c/Program Files (x86)/sbt/bin
PATH: /mnt/c/Program Files (x86)/NVIDIA Corporation/PhysX/Common
PATH: /mnt/c/Program Files/NVIDIA Corporation/NVIDIA NvDLISR
PATH: /mnt/c/modeltech64_10.7/LICENSE.TXT
PATH: /mnt/c/Users/dell/AppData/Local/Programs/Microsoft VS Code/bin
PATH: /mnt/c/modeltech64_10.1c/win64
PATH: /mnt/c/Program Files/JetBrains/IntelliJ IDEA Community Edition 2020.3.2/bin
PATH: /mnt/c/Program Files/JetBrains/PyCharm Community Edition 2020.3.3/bin
PATH: /mnt/c/Program Files/JetBrains/CLion 2020.3.2/bin
PATH: /mnt/c/Users/dell/AppData/Local/Microsoft/WindowsApps
PATH: /snap/bin


## ----------- ##
## Core tests. ##
## ----------- ##

configure:2225: checking build system type
configure:2239: result: x86_64-pc-linux-gnu
configure:2259: checking host system type
configure:2272: result: x86_64-pc-linux-gnu
configure:2650: checking for gcc
configure:2666: found /usr/bin/gcc
configure:2677: result: gcc
configure:2906: checking for C compiler version
configure:2915: gcc --version >&5
gcc (Ubuntu 9.4.0-1ubuntu1~20.04.1) 9.4.0
Copyright (C) 2019 Free Software Foundation, Inc.
This is free software; see the source for copying conditions.  There is NO
warranty; not even for MERCHANTABILITY or FITNESS FOR A PARTICULAR PURPOSE.

configure:2926: $? = 0
configure:2915: gcc -v >&5
Using built-in specs.
COLLECT_GCC=gcc
COLLECT_LTO_WRAPPER=/usr/lib/gcc/x86_64-linux-gnu/9/lto-wrapper
OFFLOAD_TARGET_NAMES=nvptx-none:hsa
OFFLOAD_TARGET_DEFAULT=1
Target: x86_64-linux-gnu
Configured with: ../src/configure -v --with-pkgversion='Ubuntu 9.4.0-1ubuntu1~20.04.1' --with-bugurl=file:///usr/share/doc/gcc-9/README.Bugs --enable-languages=c,ada,c++,go,brig,d,fortran,objc,obj-c++,gm2 --prefix=/usr --with-gcc-major-version-only --program-suffix=-9 --program-prefix=x86_64-linux-gnu- --enable-shared --enable-linker-build-id --libexecdir=/usr/lib --without-included-gettext --enable-threads=posix --libdir=/usr/lib --enable-nls --enable-clocale=gnu --enable-libstdcxx-debug --enable-libstdcxx-time=yes --with-default-libstdcxx-abi=new --enable-gnu-unique-object --disable-vtable-verify --enable-plugin --enable-default-pie --with-system-zlib --with-target-system-zlib=auto --enable-objc-gc=auto --enable-multiarch --disable-werror --with-arch-32=i686 --with-abi=m64 --with-multilib-list=m32,m64,mx32 --enable-multilib --with-tune=generic --enable-offload-targets=nvptx-none=/build/gcc-9-Av3uEd/gcc-9-9.4.0/debian/tmp-nvptx/usr,hsa --without-cuda-driver --enable-checking=release --build=x86_64-linux-gnu --host=x86_64-linux-gnu --target=x86_64-linux-gnu
Thread model: posix
gcc version 9.4.0 (Ubuntu 9.4.0-1ubuntu1~20.04.1) 
configure:2926: $? = 0
configure:2915: gcc -V >&5
gcc: error: unrecognized command line option '-V'
gcc: fatal error: no input files
compilation terminated.
configure:2926: $? = 1
configure:2915: gcc -qversion >&5
gcc: error: unrecognized command line option '-qversion'; did you mean '--version'?
gcc: fatal error: no input files
compilation terminated.
configure:2926: $? = 1
configure:2946: checking whether the C compiler works
configure:2968: gcc    conftest.c  >&5
configure:2972: $? = 0
configure:3020: result: yes
configure:3023: checking for C compiler default output file name
configure:3025: result: a.out
configure:3031: checking for suffix of executables
configure:3038: gcc -o conftest    conftest.c  >&5
configure:3042: $? = 0
configure:3064: result: 
configure:3086: checking whether we are cross compiling
configure:3094: gcc -o conftest    conftest.c  >&5
configure:3098: $? = 0
configure:3105: ./conftest
configure:3109: $? = 0
configure:3097: result: no
configure:3102: checking for suffix of object files
configure:3124: gcc -c   conftest.c >&5
configure:3128: $? = 0
configure:3149: result: o
configure:3153: checking whether we are using the GNU C compiler
configure:3172: gcc -c   conftest.c >&5
configure:3172: $? = 0
configure:3181: result: yes
configure:3190: checking whether gcc accepts -g
configure:3210: gcc -c -g  conftest.c >&5
configure:3210: $? = 0
configure:3251: result: yes
configure:3268: checking for gcc option to accept ISO C89
configure:3331: gcc  -c -g -O2  conftest.c >&5
configure:3331: $? = 0
configure:3344: result: none needed
configure:3422: checking for g++
configure:3438: found /usr/bin/g++
configure:3449: result: g++
configure:3476: checking for C++ compiler version
configure:3485: g++ --version >&5
g++ (Ubuntu 9.4.0-1ubuntu1~20.04.1) 9.4.0
Copyright (C) 2019 Free Software Foundation, Inc.
This is free software; see the source for copying conditions.  There is NO
warranty; not even for MERCHANTABILITY or FITNESS FOR A PARTICULAR PURPOSE.

configure:3496: $? = 0
configure:3485: g++ -v >&5
Using built-in specs.
COLLECT_GCC=g++
COLLECT_LTO_WRAPPER=/usr/lib/gcc/x86_64-linux-gnu/9/lto-wrapper
OFFLOAD_TARGET_NAMES=nvptx-none:hsa
OFFLOAD_TARGET_DEFAULT=1
Target: x86_64-linux-gnu
Configured with: ../src/configure -v --with-pkgversion='Ubuntu 9.4.0-1ubuntu1~20.04.1' --with-bugurl=file:///usr/share/doc/gcc-9/README.Bugs --enable-languages=c,ada,c++,go,brig,d,fortran,objc,obj-c++,gm2 --prefix=/usr --with-gcc-major-version-only --program-suffix=-9 --program-prefix=x86_64-linux-gnu- --enable-shared --enable-linker-build-id --libexecdir=/usr/lib --without-included-gettext --enable-threads=posix --libdir=/usr/lib --enable-nls --enable-clocale=gnu --enable-libstdcxx-debug --enable-libstdcxx-time=yes --with-default-libstdcxx-abi=new --enable-gnu-unique-object --disable-vtable-verify --enable-plugin --enable-default-pie --with-system-zlib --with-target-system-zlib=auto --enable-objc-gc=auto --enable-multiarch --disable-werror --with-arch-32=i686 --with-abi=m64 --with-multilib-list=m32,m64,mx32 --enable-multilib --with-tune=generic --enable-offload-targets=nvptx-none=/build/gcc-9-Av3uEd/gcc-9-9.4.0/debian/tmp-nvptx/usr,hsa --without-cuda-driver --enable-checking=release --build=x86_64-linux-gnu --host=x86_64-linux-gnu --target=x86_64-linux-gnu
Thread model: posix
gcc version 9.4.0 (Ubuntu 9.4.0-1ubuntu1~20.04.1) 
configure:3496: $? = 0
configure:3485: g++ -V >&5
g++: error: unrecognized command line option '-V'
g++: fatal error: no input files
compilation terminated.
configure:3496: $? = 1
configure:3485: g++ -qversion >&5
g++: error: unrecognized command line option '-qversion'; did you mean '--version'?
g++: fatal error: no input files
compilation terminated.
configure:3496: $? = 1
configure:3500: checking whether we are using the GNU C++ compiler
configure:3519: g++ -c   conftest.cpp >&5
configure:3519: $? = 0
configure:3528: result: yes
configure:3537: checking whether g++ accepts -g
configure:3557: g++ -c -g  conftest.cpp >&5
configure:3557: $? = 0
configure:3598: result: yes
configure:3664: checking for ar
configure:3680: found /usr/bin/ar
configure:3691: result: ar
configure:3756: checking for ranlib
configure:3772: found /usr/bin/ranlib
configure:3783: result: ranlib
configure:3807: checking for dtc
configure:3825: found /usr/bin/dtc
configure:3838: result: /usr/bin/dtc
configure:3861: checking how to run the C++ preprocessor
configure:3888: g++ -E  conftest.cpp
configure:3888: $? = 0
configure:3902: g++ -E  conftest.cpp
conftest.cpp:10:10: fatal error: ac_nonexistent.h: No such file or directory
   10 | #include <ac_nonexistent.h>
      |          ^~~~~~~~~~~~~~~~~~
compilation terminated.
configure:3902: $? = 1
configure: failed program was:
| /* confdefs.h */
| #define PACKAGE_NAME "RISC-V ISA Simulator"
| #define PACKAGE_TARNAME "spike"
| #define PACKAGE_VERSION "?"
| #define PACKAGE_STRING "RISC-V ISA Simulator ?"
| #define PACKAGE_BUGREPORT "Andrew Waterman"
| #define PACKAGE_URL ""
| #define DTC "dtc"
| /* end confdefs.h.  */
| #include <ac_nonexistent.h>
configure:3927: result: g++ -E
configure:3947: g++ -E  conftest.cpp
configure:3947: $? = 0
configure:3961: g++ -E  conftest.cpp
conftest.cpp:10:10: fatal error: ac_nonexistent.h: No such file or directory
   10 | #include <ac_nonexistent.h>
      |          ^~~~~~~~~~~~~~~~~~
compilation terminated.
configure:3961: $? = 1
configure: failed program was:
| /* confdefs.h */
| #define PACKAGE_NAME "RISC-V ISA Simulator"
| #define PACKAGE_TARNAME "spike"
| #define PACKAGE_VERSION "?"
| #define PACKAGE_STRING "RISC-V ISA Simulator ?"
| #define PACKAGE_BUGREPORT "Andrew Waterman"
| #define PACKAGE_URL ""
| #define DTC "dtc"
| /* end confdefs.h.  */
| #include <ac_nonexistent.h>
configure:3990: checking for grep that handles long lines and -e
configure:4048: result: /usr/bin/grep
configure:4053: checking for egrep
configure:4115: result: /usr/bin/grep -E
configure:4120: checking for ANSI C header files
configure:4140: g++ -c -g -O2  conftest.cpp >&5
configure:4140: $? = 0
configure:4213: g++ -o conftest -g -O2   conftest.cpp  >&5
configure:4213: $? = 0
configure:4213: ./conftest
configure:4213: $? = 0
configure:4224: result: yes
configure:4237: checking for sys/types.h
configure:4237: g++ -c -g -O2  conftest.cpp >&5
configure:4237: $? = 0
configure:4237: result: yes
configure:4237: checking for sys/stat.h
configure:4237: g++ -c -g -O2  conftest.cpp >&5
configure:4237: $? = 0
configure:4237: result: yes
configure:4237: checking for stdlib.h
configure:4237: g++ -c -g -O2  conftest.cpp >&5
configure:4237: $? = 0
configure:4237: result: yes
configure:4237: checking for string.h
configure:4237: g++ -c -g -O2  conftest.cpp >&5
configure:4237: $? = 0
configure:4237: result: yes
configure:4237: checking for memory.h
configure:4237: g++ -c -g -O2  conftest.cpp >&5
configure:4237: $? = 0
configure:4237: result: yes
configure:4237: checking for strings.h
configure:4237: g++ -c -g -O2  conftest.cpp >&5
configure:4237: $? = 0
configure:4237: result: yes
configure:4237: checking for inttypes.h
configure:4237: g++ -c -g -O2  conftest.cpp >&5
configure:4237: $? = 0
configure:4237: result: yes
configure:4237: checking for stdint.h
configure:4237: g++ -c -g -O2  conftest.cpp >&5
configure:4237: $? = 0
configure:4237: result: yes
configure:4237: checking for unistd.h
configure:4237: g++ -c -g -O2  conftest.cpp >&5
configure:4237: $? = 0
configure:4237: result: yes
configure:4249: checking whether byte ordering is bigendian
configure:4264: g++ -c -g -O2  conftest.cpp >&5
conftest.cpp:21:9: error: expected unqualified-id before 'not' token
   21 |         not a universal capable compiler
      |         ^~~
configure:4264: $? = 1
configure: failed program was:
| /* confdefs.h */
| #define PACKAGE_NAME "RISC-V ISA Simulator"
| #define PACKAGE_TARNAME "spike"
| #define PACKAGE_VERSION "?"
| #define PACKAGE_STRING "RISC-V ISA Simulator ?"
| #define PACKAGE_BUGREPORT "Andrew Waterman"
| #define PACKAGE_URL ""
| #define DTC "dtc"
| #define STDC_HEADERS 1
| #define HAVE_SYS_TYPES_H 1
| #define HAVE_SYS_STAT_H 1
| #define HAVE_STDLIB_H 1
| #define HAVE_STRING_H 1
| #define HAVE_MEMORY_H 1
| #define HAVE_STRINGS_H 1
| #define HAVE_INTTYPES_H 1
| #define HAVE_STDINT_H 1
| #define HAVE_UNISTD_H 1
| /* end confdefs.h.  */
| #ifndef __APPLE_CC__
| 	       not a universal capable compiler
| 	     #endif
| 	     typedef int dummy;
| 
configure:4309: g++ -c -g -O2  conftest.cpp >&5
configure:4309: $? = 0
configure:4327: g++ -c -g -O2  conftest.cpp >&5
conftest.cpp: In function 'int main()':
conftest.cpp:27:8: error: 'big' was not declared in this scope
   27 |    not big endian
      |        ^~~
configure:4327: $? = 1
configure: failed program was:
| /* confdefs.h */
| #define PACKAGE_NAME "RISC-V ISA Simulator"
| #define PACKAGE_TARNAME "spike"
| #define PACKAGE_VERSION "?"
| #define PACKAGE_STRING "RISC-V ISA Simulator ?"
| #define PACKAGE_BUGREPORT "Andrew Waterman"
| #define PACKAGE_URL ""
| #define DTC "dtc"
| #define STDC_HEADERS 1
| #define HAVE_SYS_TYPES_H 1
| #define HAVE_SYS_STAT_H 1
| #define HAVE_STDLIB_H 1
| #define HAVE_STRING_H 1
| #define HAVE_MEMORY_H 1
| #define HAVE_STRINGS_H 1
| #define HAVE_INTTYPES_H 1
| #define HAVE_STDINT_H 1
| #define HAVE_UNISTD_H 1
| /* end confdefs.h.  */
| #include <sys/types.h>
| 		#include <sys/param.h>
| 
| int
| main ()
| {
| #if BYTE_ORDER != BIG_ENDIAN
| 		 not big endian
| 		#endif
| 
|   ;
|   return 0;
| }
configure:4455: result: no
configure:4495: checking for a BSD-compatible install
configure:4563: result: /usr/bin/install -c
configure:4602: checking for ANSI C header files
configure:4706: result: yes
configure:4719: checking for __int128_t
configure:4719: g++ -c -g -O2  conftest.cpp >&5
configure:4719: $? = 0
configure:4719: g++ -c -g -O2  conftest.cpp >&5
conftest.cpp: In function 'int main()':
conftest.cpp:57:24: error: expected primary-expression before ')' token
   57 | if (sizeof ((__int128_t)))
      |                        ^
configure:4719: $? = 1
configure: failed program was:
| /* confdefs.h */
| #define PACKAGE_NAME "RISC-V ISA Simulator"
| #define PACKAGE_TARNAME "spike"
| #define PACKAGE_VERSION "?"
| #define PACKAGE_STRING "RISC-V ISA Simulator ?"
| #define PACKAGE_BUGREPORT "Andrew Waterman"
| #define PACKAGE_URL ""
| #define DTC "dtc"
| #define STDC_HEADERS 1
| #define HAVE_SYS_TYPES_H 1
| #define HAVE_SYS_STAT_H 1
| #define HAVE_STDLIB_H 1
| #define HAVE_STRING_H 1
| #define HAVE_MEMORY_H 1
| #define HAVE_STRINGS_H 1
| #define HAVE_INTTYPES_H 1
| #define HAVE_STDINT_H 1
| #define HAVE_UNISTD_H 1
| #define STDC_HEADERS 1
| /* end confdefs.h.  */
| #include <stdio.h>
| #ifdef HAVE_SYS_TYPES_H
| # include <sys/types.h>
| #endif
| #ifdef HAVE_SYS_STAT_H
| # include <sys/stat.h>
| #endif
| #ifdef STDC_HEADERS
| # include <stdlib.h>
| # include <stddef.h>
| #else
| # ifdef HAVE_STDLIB_H
| #  include <stdlib.h>
| # endif
| #endif
| #ifdef HAVE_STRING_H
| # if !defined STDC_HEADERS && defined HAVE_MEMORY_H
| #  include <memory.h>
| # endif
| # include <string.h>
| #endif
| #ifdef HAVE_STRINGS_H
| # include <strings.h>
| #endif
| #ifdef HAVE_INTTYPES_H
| # include <inttypes.h>
| #endif
| #ifdef HAVE_STDINT_H
| # include <stdint.h>
| #endif
| #ifdef HAVE_UNISTD_H
| # include <unistd.h>
| #endif
| int
| main ()
| {
| if (sizeof ((__int128_t)))
| 	    return 0;
|   ;
|   return 0;
| }
configure:4719: result: yes
configure:4736: checking whether the linker accepts -Wl,--export-dynamic
configure:4755: g++ -o conftest -g -O2    -Wl,--export-dynamic conftest.cpp  >&5
configure:4755: $? = 0
configure:4765: result: yes
configure:4781: : LDFLAGS="$LDFLAGS"
configure:4784: $? = 0
configure:4807: checking whether C++ compiler accepts -relocatable-pch
configure:4826: g++ -c -g -O2  -relocatable-pch  conftest.cpp >&5
g++: error: unrecognized command line option '-relocatable-pch'
configure:4826: $? = 1
configure: failed program was:
| /* confdefs.h */
| #define PACKAGE_NAME "RISC-V ISA Simulator"
| #define PACKAGE_TARNAME "spike"
| #define PACKAGE_VERSION "?"
| #define PACKAGE_STRING "RISC-V ISA Simulator ?"
| #define PACKAGE_BUGREPORT "Andrew Waterman"
| #define PACKAGE_URL ""
| #define DTC "dtc"
| #define STDC_HEADERS 1
| #define HAVE_SYS_TYPES_H 1
| #define HAVE_SYS_STAT_H 1
| #define HAVE_STDLIB_H 1
| #define HAVE_STRING_H 1
| #define HAVE_MEMORY_H 1
| #define HAVE_STRINGS_H 1
| #define HAVE_INTTYPES_H 1
| #define HAVE_STDINT_H 1
| #define HAVE_UNISTD_H 1
| #define STDC_HEADERS 1
| /* end confdefs.h.  */
| 
| int
| main ()
| {
| 
|   ;
|   return 0;
| }
configure:4834: result: no
configure:4896: configuring default subproject : fesvr
configure:4905: checking for pthread_create in -lpthread
configure:4930: g++ -o conftest -g -O2   -Wl,--export-dynamic conftest.cpp -lpthread   >&5
configure:4930: $? = 0
configure:4939: result: yes
configure:4953: checking for struct statx.stx_ino
configure:4953: g++ -c -g -O2  conftest.cpp >&5
configure:4953: $? = 0
configure:4953: result: yes
configure:4963: checking for struct statx.stx_mnt_id
configure:4963: g++ -c -g -O2  conftest.cpp >&5
conftest.cpp: In function 'int main()':
conftest.cpp:61:13: error: 'struct statx' has no member named 'stx_mnt_id'; did you mean 'stx_uid'?
   61 | if (ac_aggr.stx_mnt_id)
      |             ^~~~~~~~~~
      |             stx_uid
configure:4963: $? = 1
configure: failed program was:
| /* confdefs.h */
| #define PACKAGE_NAME "RISC-V ISA Simulator"
| #define PACKAGE_TARNAME "spike"
| #define PACKAGE_VERSION "?"
| #define PACKAGE_STRING "RISC-V ISA Simulator ?"
| #define PACKAGE_BUGREPORT "Andrew Waterman"
| #define PACKAGE_URL ""
| #define DTC "dtc"
| #define STDC_HEADERS 1
| #define HAVE_SYS_TYPES_H 1
| #define HAVE_SYS_STAT_H 1
| #define HAVE_STDLIB_H 1
| #define HAVE_STRING_H 1
| #define HAVE_MEMORY_H 1
| #define HAVE_STRINGS_H 1
| #define HAVE_INTTYPES_H 1
| #define HAVE_STDINT_H 1
| #define HAVE_UNISTD_H 1
| #define STDC_HEADERS 1
| #define FESVR_ENABLED /**/
| #define HAVE_LIBPTHREAD 1
| #define HAVE_STATX 1
| /* end confdefs.h.  */
| #include <stdio.h>
| #ifdef HAVE_SYS_TYPES_H
| # include <sys/types.h>
| #endif
| #ifdef HAVE_SYS_STAT_H
| # include <sys/stat.h>
| #endif
| #ifdef STDC_HEADERS
| # include <stdlib.h>
| # include <stddef.h>
| #else
| # ifdef HAVE_STDLIB_H
| #  include <stdlib.h>
| # endif
| #endif
| #ifdef HAVE_STRING_H
| # if !defined STDC_HEADERS && defined HAVE_MEMORY_H
| #  include <memory.h>
| # endif
| # include <string.h>
| #endif
| #ifdef HAVE_STRINGS_H
| # include <strings.h>
| #endif
| #ifdef HAVE_INTTYPES_H
| # include <inttypes.h>
| #endif
| #ifdef HAVE_STDINT_H
| # include <stdint.h>
| #endif
| #ifdef HAVE_UNISTD_H
| # include <unistd.h>
| #endif
| int
| main ()
| {
| static struct statx ac_aggr;
| if (ac_aggr.stx_mnt_id)
| return 0;
|   ;
|   return 0;
| }
configure:4963: g++ -c -g -O2  conftest.cpp >&5
conftest.cpp: In function 'int main()':
conftest.cpp:61:20: error: 'struct statx' has no member named 'stx_mnt_id'; did you mean 'stx_uid'?
   61 | if (sizeof ac_aggr.stx_mnt_id)
      |                    ^~~~~~~~~~
      |                    stx_uid
configure:4963: $? = 1
configure: failed program was:
| /* confdefs.h */
| #define PACKAGE_NAME "RISC-V ISA Simulator"
| #define PACKAGE_TARNAME "spike"
| #define PACKAGE_VERSION "?"
| #define PACKAGE_STRING "RISC-V ISA Simulator ?"
| #define PACKAGE_BUGREPORT "Andrew Waterman"
| #define PACKAGE_URL ""
| #define DTC "dtc"
| #define STDC_HEADERS 1
| #define HAVE_SYS_TYPES_H 1
| #define HAVE_SYS_STAT_H 1
| #define HAVE_STDLIB_H 1
| #define HAVE_STRING_H 1
| #define HAVE_MEMORY_H 1
| #define HAVE_STRINGS_H 1
| #define HAVE_INTTYPES_H 1
| #define HAVE_STDINT_H 1
| #define HAVE_UNISTD_H 1
| #define STDC_HEADERS 1
| #define FESVR_ENABLED /**/
| #define HAVE_LIBPTHREAD 1
| #define HAVE_STATX 1
| /* end confdefs.h.  */
| #include <stdio.h>
| #ifdef HAVE_SYS_TYPES_H
| # include <sys/types.h>
| #endif
| #ifdef HAVE_SYS_STAT_H
| # include <sys/stat.h>
| #endif
| #ifdef STDC_HEADERS
| # include <stdlib.h>
| # include <stddef.h>
| #else
| # ifdef HAVE_STDLIB_H
| #  include <stdlib.h>
| # endif
| #endif
| #ifdef HAVE_STRING_H
| # if !defined STDC_HEADERS && defined HAVE_MEMORY_H
| #  include <memory.h>
| # endif
| # include <string.h>
| #endif
| #ifdef HAVE_STRINGS_H
| # include <strings.h>
| #endif
| #ifdef HAVE_INTTYPES_H
| # include <inttypes.h>
| #endif
| #ifdef HAVE_STDINT_H
| # include <stdint.h>
| #endif
| #ifdef HAVE_UNISTD_H
| # include <unistd.h>
| #endif
| int
| main ()
| {
| static struct statx ac_aggr;
| if (sizeof ac_aggr.stx_mnt_id)
| return 0;
|   ;
|   return 0;
| }
configure:4963: result: no
configure:5008: configuring default subproject : riscv
configure:5165: checking for boostlib >= 1.53 (105300)
configure:5197: g++ -c -g -O2  -I/usr/include conftest.cpp >&5
configure:5197: $? = 0
configure:5199: result: yes
configure:5390: checking whether the Boost::ASIO library is available
configure:5421: g++ -c -g -O2  -I/usr/include conftest.cpp >&5
configure:5421: $? = 0
configure:5435: result: yes
configure:5446: checking for main in -lboost_system
configure:5465: g++ -o conftest -g -O2  -I/usr/include  -Wl,--export-dynamic -L/usr/lib/x86_64-linux-gnu conftest.cpp -lboost_system  -lpthread  >&5
configure:5465: $? = 0
configure:5475: result: yes
configure:5570: checking whether the Boost::Regex library is available
configure:5593: g++ -c -g -O2  -I/usr/include conftest.cpp >&5
configure:5593: $? = 0
configure:5607: result: yes
configure:5618: checking for exit in -lboost_regex
configure:5643: g++ -o conftest -g -O2  -I/usr/include  -Wl,--export-dynamic -L/usr/lib/x86_64-linux-gnu conftest.cpp -lboost_regex  -lpthread  >&5
conftest.cpp:35:6: warning: declaration of 'char exit()' conflicts with built-in declaration 'void exit(int)' [-Wbuiltin-declaration-mismatch]
   35 | char exit ();
      |      ^~~~
configure:5643: $? = 0
configure:5653: result: yes
configure:5767: checking for main in -lboost_system
configure:5786: g++ -o conftest -g -O2   -Wl,--export-dynamic conftest.cpp -lboost_system  -lpthread  >&5
configure:5786: $? = 0
configure:5795: result: yes
configure:5807: checking for main in -lboost_regex
configure:5826: g++ -o conftest -g -O2   -Wl,--export-dynamic conftest.cpp -lboost_regex  -lboost_system -lpthread  >&5
configure:5826: $? = 0
configure:5835: result: yes
configure:5915: checking for library containing dlopen
configure:5946: g++ -o conftest -g -O2   -Wl,--export-dynamic conftest.cpp -lboost_regex -lboost_system -lpthread  >&5
/usr/bin/ld: /tmp/ccOrn76C.o: in function `main':
/home/zhangtr/spike/conftest.cpp:45: undefined reference to `dlopen'
collect2: error: ld returned 1 exit status
configure:5946: $? = 1
configure: failed program was:
| /* confdefs.h */
| #define PACKAGE_NAME "RISC-V ISA Simulator"
| #define PACKAGE_TARNAME "spike"
| #define PACKAGE_VERSION "?"
| #define PACKAGE_STRING "RISC-V ISA Simulator ?"
| #define PACKAGE_BUGREPORT "Andrew Waterman"
| #define PACKAGE_URL ""
| #define DTC "dtc"
| #define STDC_HEADERS 1
| #define HAVE_SYS_TYPES_H 1
| #define HAVE_SYS_STAT_H 1
| #define HAVE_STDLIB_H 1
| #define HAVE_STRING_H 1
| #define HAVE_MEMORY_H 1
| #define HAVE_STRINGS_H 1
| #define HAVE_INTTYPES_H 1
| #define HAVE_STDINT_H 1
| #define HAVE_UNISTD_H 1
| #define STDC_HEADERS 1
| #define FESVR_ENABLED /**/
| #define HAVE_LIBPTHREAD 1
| #define HAVE_STATX 1
| #define RISCV_ENABLED /**/
| #define HAVE_BOOST /**/
| #define HAVE_BOOST_ASIO /**/
| #define HAVE_BOOST_REGEX /**/
| #define HAVE_LIBBOOST_SYSTEM 1
| #define HAVE_LIBBOOST_REGEX 1
| #define DEFAULT_ISA "RV64IMAFDC"
| #define DEFAULT_PRIV "MSU"
| #define DEFAULT_VARCH "vlen:128,elen:64"
| #define TARGET_ARCH "riscv64-unknown-elf"
| /* end confdefs.h.  */
| 
| /* Override any GCC internal prototype to avoid an error.
|    Use char because int might match the return type of a GCC
|    builtin and then its argument prototype would still apply.  */
| #ifdef __cplusplus
| extern "C"
| #endif
| char dlopen ();
| int
| main ()
| {
| return dlopen ();
|   ;
|   return 0;
| }
configure:5946: g++ -o conftest -g -O2   -Wl,--export-dynamic conftest.cpp -ldl  -lboost_regex -lboost_system -lpthread  >&5
configure:5946: $? = 0
configure:5963: result: -ldl
configure:5978: checking for pthread_create in -lpthread
configure:6012: result: yes
configure:6126: configuring default subproject : disasm
configure:6171: configuring default subproject : customext
configure:6216: configuring default subproject : fdt
configure:6261: configuring default subproject : softfloat
configure:6306: configuring default subproject : spike_main
configure:6351: configuring default subproject : spike_dasm
configure:6502: creating ./config.status

## ---------------------- ##
## Running config.status. ##
## ---------------------- ##

This file was extended by RISC-V ISA Simulator config.status ?, which was
generated by GNU Autoconf 2.69.  Invocation command line was

  CONFIG_FILES    = 
  CONFIG_HEADERS  = 
  CONFIG_LINKS    = 
  CONFIG_COMMANDS = 
  $ ./config.status 

on DESKTOP-00L846V

config.status:857: creating fesvr.mk
config.status:857: creating riscv.mk
config.status:857: creating disasm.mk
config.status:857: creating customext.mk
config.status:857: creating fdt.mk
config.status:857: creating softfloat.mk
config.status:857: creating spike_main.mk
config.status:857: creating spike_dasm.mk
config.status:857: creating Makefile
config.status:857: creating riscv-fesvr.pc
config.status:857: creating riscv-disasm.pc
config.status:857: creating config.h

## ---------------- ##
## Cache variables. ##
## ---------------- ##

ac_cv_build=x86_64-pc-linux-gnu
ac_cv_c_bigendian=no
ac_cv_c_compiler_gnu=yes
ac_cv_cxx_compiler_gnu=yes
ac_cv_env_CCC_set=
ac_cv_env_CCC_value=
ac_cv_env_CC_set=
ac_cv_env_CC_value=
ac_cv_env_CFLAGS_set=
ac_cv_env_CFLAGS_value=
ac_cv_env_CPPFLAGS_set=
ac_cv_env_CPPFLAGS_value=
ac_cv_env_CXXCPP_set=
ac_cv_env_CXXCPP_value=
ac_cv_env_CXXFLAGS_set=
ac_cv_env_CXXFLAGS_value=
ac_cv_env_CXX_set=
ac_cv_env_CXX_value=
ac_cv_env_LDFLAGS_set=
ac_cv_env_LDFLAGS_value=
ac_cv_env_LIBS_set=
ac_cv_env_LIBS_value=
ac_cv_env_STOW_PREFIX_set=
ac_cv_env_STOW_PREFIX_value=
ac_cv_env_STOW_ROOT_set=
ac_cv_env_STOW_ROOT_value=
ac_cv_env_build_alias_set=
ac_cv_env_build_alias_value=
ac_cv_env_host_alias_set=
ac_cv_env_host_alias_value=
ac_cv_env_target_alias_set=
ac_cv_env_target_alias_value=
ac_cv_header_inttypes_h=yes
ac_cv_header_memory_h=yes
ac_cv_header_stdc=yes
ac_cv_header_stdint_h=yes
ac_cv_header_stdlib_h=yes
ac_cv_header_string_h=yes
ac_cv_header_strings_h=yes
ac_cv_header_sys_stat_h=yes
ac_cv_header_sys_types_h=yes
ac_cv_header_unistd_h=yes
ac_cv_host=x86_64-pc-linux-gnu
ac_cv_lib_boost_regex___exit=yes
ac_cv_lib_boost_regex_main=yes
ac_cv_lib_boost_system___main=yes
ac_cv_lib_boost_system_main=yes
ac_cv_lib_pthread_pthread_create=yes
ac_cv_member_struct_statx_stx_ino=yes
ac_cv_member_struct_statx_stx_mnt_id=no
ac_cv_objext=o
ac_cv_path_DTC=/usr/bin/dtc
ac_cv_path_EGREP='/usr/bin/grep -E'
ac_cv_path_GREP=/usr/bin/grep
ac_cv_path_install='/usr/bin/install -c'
ac_cv_prog_CXXCPP='g++ -E'
ac_cv_prog_ac_ct_AR=ar
ac_cv_prog_ac_ct_CC=gcc
ac_cv_prog_ac_ct_CXX=g++
ac_cv_prog_ac_ct_RANLIB=ranlib
ac_cv_prog_cc_c89=
ac_cv_prog_cc_g=yes
ac_cv_prog_cxx_g=yes
ac_cv_search_dlopen=-ldl
ac_cv_type___int128_t=yes
ax_cv_boost_asio=yes
ax_cv_boost_regex=yes
ax_cv_check_cxxflags___relocatable_pch=no
ax_cv_check_ldflags___Wl___export_dynamic=yes

## ----------------- ##
## Output variables. ##
## ----------------- ##

AR='ar'
BOOST_ASIO_LIB='-lboost_system'
BOOST_CPPFLAGS='-I/usr/include'
BOOST_LDFLAGS='-L/usr/lib/x86_64-linux-gnu'
BOOST_REGEX_LIB='-lboost_regex'
CC='gcc'
CFLAGS='-g -O2'
CPPFLAGS=''
CXX='g++'
CXXCPP='g++ -E'
CXXFLAGS='-g -O2'
DEFS='-DHAVE_CONFIG_H'
DTC='/usr/bin/dtc'
ECHO_C=''
ECHO_N='-n'
ECHO_T=''
EGREP='/usr/bin/grep -E'
EXEEXT=''
GREP='/usr/bin/grep'
HAVE_CLANG_PCH=''
HAVE_DLOPEN='yes'
HAVE_INT128='yes'
INSTALL_DATA='${INSTALL} -m 644'
INSTALL_PROGRAM='${INSTALL}'
INSTALL_SCRIPT='${INSTALL}'
LDFLAGS=' -Wl,--export-dynamic'
LIBOBJS=''
LIBS='-lpthread -ldl -lboost_regex -lboost_system -lpthread '
LTLIBOBJS=''
OBJEXT='o'
PACKAGE_BUGREPORT='Andrew Waterman'
PACKAGE_NAME='RISC-V ISA Simulator'
PACKAGE_STRING='RISC-V ISA Simulator ?'
PACKAGE_TARNAME='spike'
PACKAGE_URL=''
PACKAGE_VERSION='?'
PATH_SEPARATOR=':'
RANLIB='ranlib'
SHELL='/bin/bash'
STOW_PREFIX=''
STOW_ROOT=''
ac_ct_CC='gcc'
ac_ct_CXX='g++'
bindir='${exec_prefix}/bin'
build='x86_64-pc-linux-gnu'
build_alias=''
build_cpu='x86_64'
build_os='linux-gnu'
build_vendor='pc'
datadir='${datarootdir}'
datarootdir='${prefix}/share'
docdir='${datarootdir}/doc/${PACKAGE_TARNAME}'
dvidir='${docdir}'
enable_stow='no'
exec_prefix='${prefix}'
host='x86_64-pc-linux-gnu'
host_alias=''
host_cpu='x86_64'
host_os='linux-gnu'
host_vendor='pc'
htmldir='${docdir}'
includedir='${prefix}/include'
infodir='${datarootdir}/info'
libdir='${exec_prefix}/lib'
libexecdir='${exec_prefix}/libexec'
localedir='${datarootdir}/locale'
localstatedir='${prefix}/var'
mandir='${datarootdir}/man'
oldincludedir='/usr/include'
pdfdir='${docdir}'
prefix='/opt/riscv'
program_transform_name='s,x,x,'
psdir='${docdir}'
runstatedir='${localstatedir}/run'
sbindir='${exec_prefix}/sbin'
sharedstatedir='${prefix}/com'
subprojects=' fesvr riscv disasm customext fdt softfloat spike_main spike_dasm'
subprojects_enabled=' fesvr riscv disasm customext fdt softfloat spike_main spike_dasm'
sysconfdir='${prefix}/etc'
target_alias=''

## ----------- ##
## confdefs.h. ##
## ----------- ##

/* confdefs.h */
#define PACKAGE_NAME "RISC-V ISA Simulator"
#define PACKAGE_TARNAME "spike"
#define PACKAGE_VERSION "?"
#define PACKAGE_STRING "RISC-V ISA Simulator ?"
#define PACKAGE_BUGREPORT "Andrew Waterman"
#define PACKAGE_URL ""
#define DTC "dtc"
#define STDC_HEADERS 1
#define HAVE_SYS_TYPES_H 1
#define HAVE_SYS_STAT_H 1
#define HAVE_STDLIB_H 1
#define HAVE_STRING_H 1
#define HAVE_MEMORY_H 1
#define HAVE_STRINGS_H 1
#define HAVE_INTTYPES_H 1
#define HAVE_STDINT_H 1
#define HAVE_UNISTD_H 1
#define STDC_HEADERS 1
#define FESVR_ENABLED /**/
#define HAVE_LIBPTHREAD 1
#define HAVE_STATX 1
#define RISCV_ENABLED /**/
#define HAVE_BOOST /**/
#define HAVE_BOOST_ASIO /**/
#define HAVE_BOOST_REGEX /**/
#define HAVE_LIBBOOST_SYSTEM 1
#define HAVE_LIBBOOST_REGEX 1
#define DEFAULT_ISA "RV64IMAFDC"
#define DEFAULT_PRIV "MSU"
#define DEFAULT_VARCH "vlen:128,elen:64"
#define TARGET_ARCH "riscv64-unknown-elf"
#define HAVE_DLOPEN /**/
#define HAVE_LIBPTHREAD 1
#define DISASM_ENABLED /**/
#define CUSTOMEXT_ENABLED /**/
#define FDT_ENABLED /**/
#define SOFTFLOAT_ENABLED /**/
#define SPIKE_MAIN_ENABLED /**/
#define SPIKE_DASM_ENABLED /**/

configure: exit 0
